<?xml version="1.0" encoding="UTF-8"?>
<testsuite xmlns:xsi="http://www.w3.org/2001/XMLSchema-instance" xsi:noNamespaceSchemaLocation="https://maven.apache.org/surefire/maven-surefire-plugin/xsd/surefire-test-report-3.0.xsd" version="3.0" name="RunnerFile.RestAPIRunner" time="6.279" tests="2" errors="2" skipped="0" failures="0">
  <properties>
[...]
</properties>
  <testcase name="Given Get the details of account holder" classname="Scenario: Details of account holder" time="0.007">
    <error message="Connection refused: connect" type="java.net.ConnectException"><![CDATA[java.net.ConnectException: Connection refused: connect
]]></error>
    <system-out><![CDATA[.........Get Account Details...........
]]></system-out>
  </testcase>
  <testcase name="" classname="Scenario: Details of account holder" time="0.008">
    <error message="Connection refused: connect" type="java.net.ConnectException"><![CDATA[java.net.ConnectException: Connection refused: connect
]]></error>
  </testcase>
</testsuite>